<?xml version="1.0" encoding="UTF-8"?>
<!-- Generated by org.testng.reporters.JUnitReportReporter -->
<testsuite hostname="Gopi" failures="0" tests="3" name="TestNGBasics.Groups" time="0.026" errors="0" timestamp="2023-03-20T12:08:05 IST" skipped="0">
  <testcase classname="TestNGBasics.Groups" name="webTC1" time="0.001"/>
  <system-out/>
  <testcase classname="TestNGBasics.Groups" name="webTC2" time="0.001"/>
  <system-out/>
  <testcase classname="TestNGBasics.Groups" name="test" time="0.024"/>
  <system-out/>
</testsuite> <!-- TestNGBasics.Groups -->
