<?xml version="1.0" encoding="UTF-8"?>
<!-- Generated by org.testng.reporters.JUnitReportReporter -->
<testsuite hostname="Gopi" failures="0" tests="2" name="TestNGBasics.AnnotationsDemo" time="0.013" errors="0" timestamp="2023-03-20T11:54:40 IST" skipped="0">
  <testcase classname="TestNGBasics.AnnotationsDemo" name="validateLogin" time="0.004"/>
  <system-out/>
  <testcase classname="TestNGBasics.AnnotationsDemo" name="validateTitle" time="0.009"/>
  <system-out/>
</testsuite> <!-- TestNGBasics.AnnotationsDemo -->
