<?xml version="1.0" encoding="UTF-8"?>
<!-- Generated by org.testng.reporters.JUnitReportReporter -->
<testsuite hostname="Gopi" failures="0" tests="6" name="TestNGBasics.DataProvider" time="85.410" errors="0" timestamp="2023-04-03T18:52:43 IST" skipped="0">
  <testcase classname="TestNGBasics.DataProvider" name="login" time="11.846"/>
  <system-out/>
  <testcase classname="TestNGBasics.DataProvider" name="login" time="11.436"/>
  <system-out/>
  <testcase classname="TestNGBasics.DataProvider" name="loginUsingExcelData" time="17.813"/>
  <system-out/>
  <testcase classname="TestNGBasics.DataProvider" name="loginUsingExcelData" time="15.217"/>
  <system-out/>
  <testcase classname="TestNGBasics.DataProvider" name="loginUsingExcelData" time="13.314"/>
  <system-out/>
  <testcase classname="TestNGBasics.DataProvider" name="login" time="15.784"/>
  <system-out/>
</testsuite> <!-- TestNGBasics.DataProvider -->
