<?xml version="1.0" encoding="UTF-8"?>
<!-- Generated by org.testng.reporters.JUnitReportReporter -->
<testsuite hostname="Gopi" failures="0" tests="5" name="TestNGBasics.PriorityDemo" time="0.022" errors="0" timestamp="2023-03-20T11:54:40 IST" skipped="0">
  <testcase classname="TestNGBasics.PriorityDemo" name="zebra" time="0.013"/>
  <system-out/>
  <testcase classname="TestNGBasics.PriorityDemo" name="grapes" time="0.001"/>
  <system-out/>
  <testcase classname="TestNGBasics.PriorityDemo" name="apple" time="0.002"/>
  <system-out/>
  <testcase classname="TestNGBasics.PriorityDemo" name="banana" time="0.002"/>
  <system-out/>
  <testcase classname="TestNGBasics.PriorityDemo" name="Abc" time="0.004"/>
  <system-out/>
</testsuite> <!-- TestNGBasics.PriorityDemo -->
