<?xml version="1.0" encoding="UTF-8"?>
<!-- Generated by org.testng.reporters.JUnitReportReporter -->
<testsuite hostname="Gopi" failures="0" tests="3" name="TestNGBasics.InvocationCount" time="0.007" errors="0" timestamp="2023-03-20T11:54:40 IST" skipped="0">
  <testcase classname="TestNGBasics.InvocationCount" name="m1" time="0.002"/>
  <system-out/>
  <testcase classname="TestNGBasics.InvocationCount" name="m1" time="0.001"/>
  <system-out/>
  <testcase classname="TestNGBasics.InvocationCount" name="m1" time="0.004"/>
  <system-out/>
</testsuite> <!-- TestNGBasics.InvocationCount -->
